2025-05-06 16:57:40,783+0200 INFO  miktex-makepk - this process (19068) started by pdflatex in directory C:\Users\neyen\OneDrive\Рабочий стол\miktex\texmfs\install\miktex\bin\x64 with command line: miktex-makepk --enable-installer --verbose larm1440 600 600 1+0/600
2025-05-06 16:57:40,783+0200 INFO  miktex-makepk - running on Windows 10.0.19045
2025-05-06 16:57:40,785+0200 INFO  makepk - Trying to make PK font larm1440 at 600 DPI...
2025-05-06 16:57:40,800+0200 INFO  makepk - The METFAONT mode is: ljfour
2025-05-06 16:57:40,829+0200 INFO  makepk - Creating larm1440.pk...
2025-05-06 16:57:40,831+0200 INFO  makepk - Running miktex-mf.exe...
2025-05-06 16:57:40,831+0200 INFO  makepk - running: miktex-mf.exe --miktex-enable-installer --miktex-disable-maintenance --miktex-disable-diagnose --undump=mf \mode:=ljfour; \mag:=1+0/600; nonstopmode; "input larm1440"
2025-05-06 16:57:40,832+0200 INFO  miktex-makepk.core - start process: miktex-mf.exe --miktex-enable-installer --miktex-disable-maintenance --miktex-disable-diagnose --undump=mf \mode:=ljfour; \mag:=1+0/600; nonstopmode; "input larm1440"
2025-05-06 16:57:41,734+0200 INFO  makepk - Running miktex-gftopk.exe...
2025-05-06 16:57:41,734+0200 INFO  makepk - running: miktex-gftopk.exe --miktex-enable-installer --miktex-disable-maintenance --miktex-disable-diagnose larm1440.600gf larm1440.pk
2025-05-06 16:57:41,734+0200 INFO  miktex-makepk.core - start process: miktex-gftopk.exe --miktex-enable-installer --miktex-disable-maintenance --miktex-disable-diagnose larm1440.600gf larm1440.pk
2025-05-06 16:57:42,177+0200 INFO  makepk - Installing "C:\Users\neyen\OneDrive\Рабочий стол\miktex\texmfs/data\fonts/pk/ljfour/lh/lh-t2a/dpi600\larm1440.pk"...
2025-05-06 16:57:42,189+0200 INFO  miktex-makepk - this process (19068) finishes with exit code 0
2025-05-06 16:57:42,191+0200 ERROR miktex-makepk - major issue: So far, you have not checked for MiKTeX updates.
2025-05-06 16:57:42,770+0200 INFO  miktex-makepk - this process (15300) started by pdflatex in directory C:\Users\neyen\OneDrive\Рабочий стол\miktex\texmfs\install\miktex\bin\x64 with command line: miktex-makepk --enable-installer --verbose larm1000 600 600 1+0/600
2025-05-06 16:57:42,770+0200 INFO  miktex-makepk - running on Windows 10.0.19045
2025-05-06 16:57:42,773+0200 INFO  makepk - Trying to make PK font larm1000 at 600 DPI...
2025-05-06 16:57:42,787+0200 INFO  makepk - The METFAONT mode is: ljfour
2025-05-06 16:57:42,812+0200 INFO  makepk - Creating larm1000.pk...
2025-05-06 16:57:42,815+0200 INFO  makepk - Running miktex-mf.exe...
2025-05-06 16:57:42,815+0200 INFO  makepk - running: miktex-mf.exe --miktex-enable-installer --miktex-disable-maintenance --miktex-disable-diagnose --undump=mf \mode:=ljfour; \mag:=1+0/600; nonstopmode; "input larm1000"
2025-05-06 16:57:42,815+0200 INFO  miktex-makepk.core - start process: miktex-mf.exe --miktex-enable-installer --miktex-disable-maintenance --miktex-disable-diagnose --undump=mf \mode:=ljfour; \mag:=1+0/600; nonstopmode; "input larm1000"
2025-05-06 16:57:43,621+0200 INFO  makepk - Running miktex-gftopk.exe...
2025-05-06 16:57:43,622+0200 INFO  makepk - running: miktex-gftopk.exe --miktex-enable-installer --miktex-disable-maintenance --miktex-disable-diagnose larm1000.600gf larm1000.pk
2025-05-06 16:57:43,622+0200 INFO  miktex-makepk.core - start process: miktex-gftopk.exe --miktex-enable-installer --miktex-disable-maintenance --miktex-disable-diagnose larm1000.600gf larm1000.pk
2025-05-06 16:57:43,927+0200 INFO  makepk - Installing "C:\Users\neyen\OneDrive\Рабочий стол\miktex\texmfs/data\fonts/pk/ljfour/lh/lh-t2a/dpi600\larm1000.pk"...
2025-05-06 16:57:43,939+0200 INFO  miktex-makepk - this process (15300) finishes with exit code 0
2025-05-06 16:57:43,940+0200 ERROR miktex-makepk - major issue: So far, you have not checked for MiKTeX updates.
