2025-05-06 16:54:56,349+0200 INFO  miktex - this is One MiKTeX Utility 1.9 (MiKTeX 24.1 Portable)
2025-05-06 16:54:56,349+0200 INFO  miktex - this process (19632) started by miktex-portable in directory C:\Users\neyen\OneDrive\Рабочий стол with command line: miktex --disable-installer --verbose fndb remove
2025-05-06 16:54:56,350+0200 INFO  miktex - Removing "C:\Users\neyen\OneDrive\Рабочий стол\miktex\texmfs\config\miktex\data\le\texmf.fndb-5"...
2025-05-06 16:54:56,350+0200 ERROR miktex.core - Системе не удается найти указанный путь.

2025-05-06 16:54:56,350+0200 ERROR miktex.core - Function: GetFileAttributesW
2025-05-06 16:54:56,350+0200 ERROR miktex.core - Result: 3
2025-05-06 16:54:56,350+0200 ERROR miktex.core - Data: path="C:\Users\neyen\OneDrive\Рабочий стол\miktex\texmfs/config\miktex/data/le\texmf.fndb-5"
2025-05-06 16:54:56,350+0200 ERROR miktex.core - Source: Libraries\MiKTeX\Core\File\win\winFile.cpp:132
2025-05-06 16:54:56,354+0200 FATAL miktex - Windows API error 3: Системе не удается найти указанный путь.

2025-05-06 16:54:56,354+0200 FATAL miktex - Info: path="C:\Users\neyen\OneDrive\Рабочий стол\miktex\texmfs/config\miktex/data/le\texmf.fndb-5"
2025-05-06 16:54:56,354+0200 FATAL miktex - Source: Libraries\MiKTeX\Core\File\win\winFile.cpp
2025-05-06 16:54:56,354+0200 FATAL miktex - Line: 132
2025-05-06 16:54:56,355+0200 INFO  miktex - this process (19632) finishes with exit code 1
2025-05-06 16:54:56,906+0200 INFO  miktex - this is One MiKTeX Utility 1.9 (MiKTeX 24.1 Portable)
2025-05-06 16:54:56,906+0200 INFO  miktex - this process (9152) started by miktex-portable in directory C:\Users\neyen\OneDrive\Рабочий стол with command line: miktex --disable-installer --verbose fndb refresh
2025-05-06 16:54:56,907+0200 INFO  miktex - Creating FNDB for common root directory ("C:\Users\neyen\OneDrive\Рабочий стол\miktex\texmfs\config")...
2025-05-06 16:54:56,929+0200 INFO  miktex - Creating FNDB for common root directory ("C:\Users\neyen\OneDrive\Рабочий стол\miktex\texmfs\data")...
2025-05-06 16:54:56,942+0200 INFO  miktex - Creating FNDB for common root directory ("C:\Users\neyen\OneDrive\Рабочий стол\miktex\texmfs\install")...
2025-05-06 16:55:00,264+0200 WARN  miktex.packagemanager - dependency problem: showframe is required by _miktex-latex-packages
2025-05-06 16:55:00,264+0200 WARN  miktex.packagemanager - dependency problem: thailatex is required by _miktex-latex-packages
2025-05-06 16:55:00,266+0200 WARN  miktex.packagemanager - dependency problem: luxi is required by _miktex-fonts-type1
2025-05-06 16:55:00,328+0200 INFO  miktex - Refreshing FNDB for MPM...
2025-05-06 16:55:02,609+0200 INFO  miktex - this process (9152) finishes with exit code 0
2025-05-06 16:55:02,848+0200 INFO  miktex - this is One MiKTeX Utility 1.9 (MiKTeX 24.1 Portable)
2025-05-06 16:55:02,848+0200 INFO  miktex - this process (19552) started by miktex-portable in directory C:\Users\neyen\OneDrive\Рабочий стол with command line: miktex --disable-installer --verbose links install --force
2025-05-06 16:55:02,849+0200 INFO  miktex - Installing links in target directory "C:\Users\neyen\OneDrive\Рабочий стол\miktex\texmfs\install\miktex\bin\x64"...
2025-05-06 16:55:06,430+0200 INFO  miktex - this process (19552) finishes with exit code 0
2025-05-06 16:55:06,673+0200 INFO  miktex - this is One MiKTeX Utility 1.9 (MiKTeX 24.1 Portable)
2025-05-06 16:55:06,673+0200 INFO  miktex - this process (2204) started by miktex-portable in directory C:\Users\neyen\OneDrive\Рабочий стол with command line: miktex --disable-installer --verbose fontmaps configure
2025-05-06 16:55:06,681+0200 INFO  miktex - Parsing configuration file "C:\Users\neyen\OneDrive\Рабочий стол\miktex\texmfs\install\miktex/config\updmap.cfg"...
2025-05-06 16:55:11,694+0200 INFO  miktex - Writing "C:\Users\neyen\OneDrive\Рабочий стол\miktex\texmfs/data\fonts\map\dvipdfmx\kanjix.map"...
2025-05-06 16:55:11,703+0200 INFO  miktex - Writing "C:\Users\neyen\OneDrive\Рабочий стол\miktex\texmfs/data\fonts\map\dvips\builtin35.map"...
2025-05-06 16:55:11,711+0200 INFO  miktex - Writing "C:\Users\neyen\OneDrive\Рабочий стол\miktex\texmfs/data\fonts\map\dvips\download35.map"...
2025-05-06 16:55:11,719+0200 INFO  miktex - Writing "C:\Users\neyen\OneDrive\Рабочий стол\miktex\texmfs/data\fonts\map\dvips\ps2pk.map"...
2025-05-06 16:55:11,731+0200 INFO  miktex - Writing "C:\Users\neyen\OneDrive\Рабочий стол\miktex\texmfs/data\fonts\map\dvips\psfonts_pk.map"...
2025-05-06 16:55:11,743+0200 INFO  miktex - Writing "C:\Users\neyen\OneDrive\Рабочий стол\miktex\texmfs/data\fonts\map\dvips\psfonts_t1.map"...
2025-05-06 16:55:11,756+0200 INFO  miktex - Writing "C:\Users\neyen\OneDrive\Рабочий стол\miktex\texmfs/data\fonts\map\pdftex\pdftex_dl14.map"...
2025-05-06 16:55:11,769+0200 INFO  miktex - Writing "C:\Users\neyen\OneDrive\Рабочий стол\miktex\texmfs/data\fonts\map\pdftex\pdftex_ndl14.map"...
2025-05-06 16:55:11,780+0200 INFO  miktex - Copying "C:\Users\neyen\OneDrive\Рабочий стол\miktex\texmfs/data\fonts\map\dvips\psfonts_t1.map"
2025-05-06 16:55:11,780+0200 INFO  miktex -      to "C:\Users\neyen\OneDrive\Рабочий стол\miktex\texmfs/data\fonts\map\dvips\psfonts.map"...
2025-05-06 16:55:11,787+0200 INFO  miktex - Copying "C:\Users\neyen\OneDrive\Рабочий стол\miktex\texmfs/data\fonts\map\pdftex\pdftex_dl14.map"
2025-05-06 16:55:11,788+0200 INFO  miktex -      to "C:\Users\neyen\OneDrive\Рабочий стол\miktex\texmfs/data\fonts\map\pdftex\pdftex.map"...
2025-05-06 16:55:11,809+0200 INFO  miktex - running: miktex-fc-cache --verbose --miktex-disable-maintenance --miktex-disable-diagnose
2025-05-06 16:55:11,810+0200 INFO  miktex.core - start process: miktex-fc-cache --verbose --miktex-disable-maintenance --miktex-disable-diagnose
2025-05-06 16:55:13,842+0200 INFO  miktex - C:/Users/neyen/AppData/Local/Microsoft/Windows/Fonts: skipping, existing cache is valid: 0 fonts, 0 dirs
2025-05-06 16:55:13,842+0200 INFO  miktex - C:/Windows/Fonts: skipping, existing cache is valid: 920 fonts, 0 dirs
2025-05-06 16:55:13,842+0200 INFO  miktex - C:/Users/neyen/OneDrive/Рабочий стол/miktex/texmfs/install/fonts/opentype: skipping, existing cache is valid: 0 fonts, 1 dirs
2025-05-06 16:55:13,843+0200 INFO  miktex - C:/Users/neyen/OneDrive/Рабочий стол/miktex/texmfs/install/fonts/opentype/public: skipping, existing cache is valid: 0 fonts, 1 dirs
2025-05-06 16:55:13,864+0200 INFO  miktex - C:/Users/neyen/OneDrive/Рабочий стол/miktex/texmfs/install/fonts/opentype/public/lm: skipping, existing cache is valid: 72 fonts, 0 dirs
2025-05-06 16:55:13,864+0200 INFO  miktex - C:/Users/neyen/.local/share/fonts: skipping, no such directory
2025-05-06 16:55:13,864+0200 INFO  miktex - C:/Users/neyen/.fonts: skipping, no such directory
2025-05-06 16:55:13,864+0200 INFO  miktex - C:/Users/neyen/OneDrive/Рабочий стол/miktex/texmfs/install/fonts/opentype/public: skipping, looped directory detected
2025-05-06 16:55:13,927+0200 INFO  miktex - C:/Users/neyen/OneDrive/Рабочий стол/miktex/texmfs/install/fonts/opentype/public/lm: skipping, looped directory detected
2025-05-06 16:55:13,927+0200 INFO  miktex - C:/Users/neyen/OneDrive/Рабочий стол/miktex/texmfs/data/fontconfig/cache: cleaning cache directory
2025-05-06 16:55:13,927+0200 INFO  miktex - C:/Users/neyen/.cache/fontconfig: not cleaning non-existent cache directory
2025-05-06 16:55:13,928+0200 INFO  miktex - C:/Users/neyen/.fontconfig: not cleaning non-existent cache directory
2025-05-06 16:55:13,928+0200 INFO  miktex - miktex-fc-cache: succeeded
2025-05-06 16:55:13,932+0200 WARN  miktex.core - still open: "C:\Users\neyen\OneDrive\Рабочий стол\miktex\texmfs\install\fontconfig/config\fonts.conf.in"
2025-05-06 16:55:13,932+0200 WARN  miktex.core - still open: "C:\Users\neyen\OneDrive\Рабочий стол\miktex\texmfs/config\fontconfig\config\fonts.conf"
2025-05-06 16:55:13,932+0200 INFO  miktex - this process (2204) finishes with exit code 0
2025-05-06 16:55:14,175+0200 INFO  miktex - this is One MiKTeX Utility 1.9 (MiKTeX 24.1 Portable)
2025-05-06 16:55:14,176+0200 INFO  miktex - this process (18656) started by miktex-portable in directory C:\Users\neyen\OneDrive\Рабочий стол with command line: miktex --disable-installer --verbose languages configure
2025-05-06 16:55:14,176+0200 INFO  miktex - Creating language.dat, language.dat.lua and language.def...
2025-05-06 16:55:14,588+0200 INFO  miktex - this process (18656) finishes with exit code 0
2025-05-06 16:55:15,433+0200 INFO  miktex - this is One MiKTeX Utility 1.9 (MiKTeX 24.1 Portable)
2025-05-06 16:55:15,433+0200 INFO  miktex - this process (19752) started by miktex-portable in directory C:\Users\neyen\OneDrive\Рабочий стол with command line: miktex --disable-installer --verbose fndb refresh
2025-05-06 16:55:15,485+0200 INFO  miktex - Creating FNDB for common root directory ("C:\Users\neyen\OneDrive\Рабочий стол\miktex\texmfs\config")...
2025-05-06 16:55:15,515+0200 INFO  miktex - Creating FNDB for common root directory ("C:\Users\neyen\OneDrive\Рабочий стол\miktex\texmfs\data")...
2025-05-06 16:55:15,540+0200 INFO  miktex - Creating FNDB for common root directory ("C:\Users\neyen\OneDrive\Рабочий стол\miktex\texmfs\install")...
2025-05-06 16:55:18,791+0200 WARN  miktex.packagemanager - dependency problem: showframe is required by _miktex-latex-packages
2025-05-06 16:55:18,791+0200 WARN  miktex.packagemanager - dependency problem: thailatex is required by _miktex-latex-packages
2025-05-06 16:55:18,793+0200 WARN  miktex.packagemanager - dependency problem: luxi is required by _miktex-fonts-type1
2025-05-06 16:55:18,845+0200 INFO  miktex - Refreshing FNDB for MPM...
2025-05-06 16:55:21,100+0200 INFO  miktex - this process (19752) finishes with exit code 0
2025-05-06 16:56:21,114+0200 INFO  miktex - this is One MiKTeX Utility 1.9 (MiKTeX 24.1 Portable)
2025-05-06 16:56:21,114+0200 INFO  miktex - this process (11100) started by pdflatex in directory C:\Users\neyen\OneDrive\Рабочий стол\miktex\texmfs\install\miktex\bin\x64 with command line: miktex --enable-installer formats build pdflatex --engine pdftex
2025-05-06 16:56:21,122+0200 INFO  miktex - Building format 'pdflatex' with engine 'pdftex'...
2025-05-06 16:56:21,124+0200 INFO  miktex.core - start process: miktex-makefmt.exe --engine=pdftex --dest-name=pdflatex --no-dump pdflatex.ini --engine-option=-tcx=cp227.tcx --enable-installer --miktex-disable-maintenance --miktex-disable-diagnose
2025-05-06 16:56:30,830+0200 INFO  miktex - this process (11100) finishes with exit code 0
2025-05-06 16:56:35,876+0200 INFO  miktex - this is One MiKTeX Utility 1.9 (MiKTeX 24.1 Portable)
2025-05-06 16:56:35,876+0200 INFO  miktex - this process (8968) started by pdflatex in directory C:\Users\neyen\OneDrive\Рабочий стол\miktex\texmfs\install\miktex\bin\x64 with command line: miktex fontmaps configure
2025-05-06 16:56:35,885+0200 INFO  miktex - Parsing configuration file "C:\Users\neyen\OneDrive\Рабочий стол\miktex\texmfs\install\miktex/config\updmap.cfg"...
2025-05-06 16:56:41,280+0200 INFO  miktex - Writing "C:\Users\neyen\OneDrive\Рабочий стол\miktex\texmfs/data\fonts\map\dvipdfmx\kanjix.map"...
2025-05-06 16:56:41,282+0200 INFO  miktex - Writing "C:\Users\neyen\OneDrive\Рабочий стол\miktex\texmfs/data\fonts\map\dvips\builtin35.map"...
2025-05-06 16:56:41,286+0200 INFO  miktex - Writing "C:\Users\neyen\OneDrive\Рабочий стол\miktex\texmfs/data\fonts\map\dvips\download35.map"...
2025-05-06 16:56:41,289+0200 INFO  miktex - Writing "C:\Users\neyen\OneDrive\Рабочий стол\miktex\texmfs/data\fonts\map\dvips\ps2pk.map"...
2025-05-06 16:56:41,297+0200 INFO  miktex - Writing "C:\Users\neyen\OneDrive\Рабочий стол\miktex\texmfs/data\fonts\map\dvips\psfonts_pk.map"...
2025-05-06 16:56:41,303+0200 INFO  miktex - Writing "C:\Users\neyen\OneDrive\Рабочий стол\miktex\texmfs/data\fonts\map\dvips\psfonts_t1.map"...
2025-05-06 16:56:41,311+0200 INFO  miktex - Writing "C:\Users\neyen\OneDrive\Рабочий стол\miktex\texmfs/data\fonts\map\pdftex\pdftex_dl14.map"...
2025-05-06 16:56:41,319+0200 INFO  miktex - Writing "C:\Users\neyen\OneDrive\Рабочий стол\miktex\texmfs/data\fonts\map\pdftex\pdftex_ndl14.map"...
2025-05-06 16:56:41,327+0200 INFO  miktex - Copying "C:\Users\neyen\OneDrive\Рабочий стол\miktex\texmfs/data\fonts\map\dvips\psfonts_t1.map"
2025-05-06 16:56:41,327+0200 INFO  miktex -      to "C:\Users\neyen\OneDrive\Рабочий стол\miktex\texmfs/data\fonts\map\dvips\psfonts.map"...
2025-05-06 16:56:41,330+0200 INFO  miktex - Copying "C:\Users\neyen\OneDrive\Рабочий стол\miktex\texmfs/data\fonts\map\pdftex\pdftex_dl14.map"
2025-05-06 16:56:41,330+0200 INFO  miktex -      to "C:\Users\neyen\OneDrive\Рабочий стол\miktex\texmfs/data\fonts\map\pdftex\pdftex.map"...
2025-05-06 16:56:41,345+0200 INFO  miktex - running: miktex-fc-cache --miktex-disable-maintenance --miktex-disable-diagnose
2025-05-06 16:56:41,346+0200 INFO  miktex.core - start process: miktex-fc-cache --miktex-disable-maintenance --miktex-disable-diagnose
2025-05-06 16:56:41,782+0200 WARN  miktex.core - still open: "C:\Users\neyen\OneDrive\Рабочий стол\miktex\texmfs\install\fontconfig/config\fonts.conf.in"
2025-05-06 16:56:41,782+0200 WARN  miktex.core - still open: "C:\Users\neyen\OneDrive\Рабочий стол\miktex\texmfs/config\fontconfig\config\fonts.conf"
2025-05-06 16:56:41,782+0200 INFO  miktex - this process (8968) finishes with exit code 0
2025-05-06 16:56:48,449+0200 INFO  miktex - this is One MiKTeX Utility 1.9 (MiKTeX 24.1 Portable)
2025-05-06 16:56:48,449+0200 INFO  miktex - this process (7400) started by miktex-maketfm in directory C:\Users\neyen\OneDrive\Рабочий стол\miktex\texmfs\install\miktex\bin\x64 with command line: miktex fontmaps configure
2025-05-06 16:56:48,458+0200 INFO  miktex - Parsing configuration file "C:\Users\neyen\OneDrive\Рабочий стол\miktex\texmfs\install\miktex/config\updmap.cfg"...
2025-05-06 16:56:53,616+0200 INFO  miktex - Writing "C:\Users\neyen\OneDrive\Рабочий стол\miktex\texmfs/data\fonts\map\dvipdfmx\kanjix.map"...
2025-05-06 16:56:53,618+0200 INFO  miktex - Writing "C:\Users\neyen\OneDrive\Рабочий стол\miktex\texmfs/data\fonts\map\dvips\builtin35.map"...
2025-05-06 16:56:53,621+0200 INFO  miktex - Writing "C:\Users\neyen\OneDrive\Рабочий стол\miktex\texmfs/data\fonts\map\dvips\download35.map"...
2025-05-06 16:56:53,624+0200 INFO  miktex - Writing "C:\Users\neyen\OneDrive\Рабочий стол\miktex\texmfs/data\fonts\map\dvips\ps2pk.map"...
2025-05-06 16:56:53,631+0200 INFO  miktex - Writing "C:\Users\neyen\OneDrive\Рабочий стол\miktex\texmfs/data\fonts\map\dvips\psfonts_pk.map"...
2025-05-06 16:56:53,637+0200 INFO  miktex - Writing "C:\Users\neyen\OneDrive\Рабочий стол\miktex\texmfs/data\fonts\map\dvips\psfonts_t1.map"...
2025-05-06 16:56:53,645+0200 INFO  miktex - Writing "C:\Users\neyen\OneDrive\Рабочий стол\miktex\texmfs/data\fonts\map\pdftex\pdftex_dl14.map"...
2025-05-06 16:56:53,653+0200 INFO  miktex - Writing "C:\Users\neyen\OneDrive\Рабочий стол\miktex\texmfs/data\fonts\map\pdftex\pdftex_ndl14.map"...
2025-05-06 16:56:53,660+0200 INFO  miktex - Copying "C:\Users\neyen\OneDrive\Рабочий стол\miktex\texmfs/data\fonts\map\dvips\psfonts_t1.map"
2025-05-06 16:56:53,660+0200 INFO  miktex -      to "C:\Users\neyen\OneDrive\Рабочий стол\miktex\texmfs/data\fonts\map\dvips\psfonts.map"...
2025-05-06 16:56:53,663+0200 INFO  miktex - Copying "C:\Users\neyen\OneDrive\Рабочий стол\miktex\texmfs/data\fonts\map\pdftex\pdftex_dl14.map"
2025-05-06 16:56:53,663+0200 INFO  miktex -      to "C:\Users\neyen\OneDrive\Рабочий стол\miktex\texmfs/data\fonts\map\pdftex\pdftex.map"...
2025-05-06 16:56:53,678+0200 INFO  miktex - running: miktex-fc-cache --miktex-disable-maintenance --miktex-disable-diagnose
2025-05-06 16:56:53,678+0200 INFO  miktex.core - start process: miktex-fc-cache --miktex-disable-maintenance --miktex-disable-diagnose
2025-05-06 16:56:54,075+0200 WARN  miktex.core - still open: "C:\Users\neyen\OneDrive\Рабочий стол\miktex\texmfs\install\fontconfig/config\fonts.conf.in"
2025-05-06 16:56:54,076+0200 WARN  miktex.core - still open: "C:\Users\neyen\OneDrive\Рабочий стол\miktex\texmfs/config\fontconfig\config\fonts.conf"
2025-05-06 16:56:54,076+0200 INFO  miktex - this process (7400) finishes with exit code 0
2025-05-06 16:56:58,355+0200 INFO  miktex - this is One MiKTeX Utility 1.9 (MiKTeX 24.1 Portable)
2025-05-06 16:56:58,355+0200 INFO  miktex - this process (21936) started by miktex-mf in directory C:\Users\neyen\AppData\Local\Temp\mik79520 with command line: miktex --enable-installer formats build mf
2025-05-06 16:56:58,362+0200 INFO  miktex - Building format 'mf' with engine 'mf'...
2025-05-06 16:56:58,364+0200 INFO  miktex.core - start process: miktex-makebase.exe --dest-name=mf --no-dump mf.ini --engine-option=-tcx=cp227.tcx --enable-installer --miktex-disable-maintenance --miktex-disable-diagnose
2025-05-06 16:56:59,395+0200 INFO  miktex - this process (21936) finishes with exit code 0
2025-05-06 16:57:02,946+0200 INFO  miktex - this is One MiKTeX Utility 1.9 (MiKTeX 24.1 Portable)
2025-05-06 16:57:02,946+0200 INFO  miktex - this process (10052) started by pdflatex in directory C:\Users\neyen\OneDrive\Рабочий стол\miktex\texmfs\install\miktex\bin\x64 with command line: miktex fontmaps configure
2025-05-06 16:57:02,954+0200 INFO  miktex - Parsing configuration file "C:\Users\neyen\OneDrive\Рабочий стол\miktex\texmfs\install\miktex/config\updmap.cfg"...
2025-05-06 16:57:08,048+0200 INFO  miktex - Writing "C:\Users\neyen\OneDrive\Рабочий стол\miktex\texmfs/data\fonts\map\dvipdfmx\kanjix.map"...
2025-05-06 16:57:08,050+0200 INFO  miktex - Writing "C:\Users\neyen\OneDrive\Рабочий стол\miktex\texmfs/data\fonts\map\dvips\builtin35.map"...
2025-05-06 16:57:08,053+0200 INFO  miktex - Writing "C:\Users\neyen\OneDrive\Рабочий стол\miktex\texmfs/data\fonts\map\dvips\download35.map"...
2025-05-06 16:57:08,056+0200 INFO  miktex - Writing "C:\Users\neyen\OneDrive\Рабочий стол\miktex\texmfs/data\fonts\map\dvips\ps2pk.map"...
2025-05-06 16:57:08,063+0200 INFO  miktex - Writing "C:\Users\neyen\OneDrive\Рабочий стол\miktex\texmfs/data\fonts\map\dvips\psfonts_pk.map"...
2025-05-06 16:57:08,070+0200 INFO  miktex - Writing "C:\Users\neyen\OneDrive\Рабочий стол\miktex\texmfs/data\fonts\map\dvips\psfonts_t1.map"...
2025-05-06 16:57:08,077+0200 INFO  miktex - Writing "C:\Users\neyen\OneDrive\Рабочий стол\miktex\texmfs/data\fonts\map\pdftex\pdftex_dl14.map"...
2025-05-06 16:57:08,085+0200 INFO  miktex - Writing "C:\Users\neyen\OneDrive\Рабочий стол\miktex\texmfs/data\fonts\map\pdftex\pdftex_ndl14.map"...
2025-05-06 16:57:08,092+0200 INFO  miktex - Copying "C:\Users\neyen\OneDrive\Рабочий стол\miktex\texmfs/data\fonts\map\dvips\psfonts_t1.map"
2025-05-06 16:57:08,092+0200 INFO  miktex -      to "C:\Users\neyen\OneDrive\Рабочий стол\miktex\texmfs/data\fonts\map\dvips\psfonts.map"...
2025-05-06 16:57:08,095+0200 INFO  miktex - Copying "C:\Users\neyen\OneDrive\Рабочий стол\miktex\texmfs/data\fonts\map\pdftex\pdftex_dl14.map"
2025-05-06 16:57:08,095+0200 INFO  miktex -      to "C:\Users\neyen\OneDrive\Рабочий стол\miktex\texmfs/data\fonts\map\pdftex\pdftex.map"...
2025-05-06 16:57:08,110+0200 INFO  miktex - running: miktex-fc-cache --miktex-disable-maintenance --miktex-disable-diagnose
2025-05-06 16:57:08,110+0200 INFO  miktex.core - start process: miktex-fc-cache --miktex-disable-maintenance --miktex-disable-diagnose
2025-05-06 16:57:08,509+0200 WARN  miktex.core - still open: "C:\Users\neyen\OneDrive\Рабочий стол\miktex\texmfs\install\fontconfig/config\fonts.conf.in"
2025-05-06 16:57:08,509+0200 WARN  miktex.core - still open: "C:\Users\neyen\OneDrive\Рабочий стол\miktex\texmfs/config\fontconfig\config\fonts.conf"
2025-05-06 16:57:08,509+0200 INFO  miktex - this process (10052) finishes with exit code 0
2025-05-06 16:57:11,568+0200 INFO  miktex - this is One MiKTeX Utility 1.9 (MiKTeX 24.1 Portable)
2025-05-06 16:57:11,568+0200 INFO  miktex - this process (18612) started by pdflatex in directory C:\Users\neyen\OneDrive\Рабочий стол\miktex\texmfs\install\miktex\bin\x64 with command line: miktex fontmaps configure
2025-05-06 16:57:11,577+0200 INFO  miktex - Parsing configuration file "C:\Users\neyen\OneDrive\Рабочий стол\miktex\texmfs\install\miktex/config\updmap.cfg"...
2025-05-06 16:57:16,775+0200 INFO  miktex - Writing "C:\Users\neyen\OneDrive\Рабочий стол\miktex\texmfs/data\fonts\map\dvipdfmx\kanjix.map"...
2025-05-06 16:57:16,777+0200 INFO  miktex - Writing "C:\Users\neyen\OneDrive\Рабочий стол\miktex\texmfs/data\fonts\map\dvips\builtin35.map"...
2025-05-06 16:57:16,781+0200 INFO  miktex - Writing "C:\Users\neyen\OneDrive\Рабочий стол\miktex\texmfs/data\fonts\map\dvips\download35.map"...
2025-05-06 16:57:16,784+0200 INFO  miktex - Writing "C:\Users\neyen\OneDrive\Рабочий стол\miktex\texmfs/data\fonts\map\dvips\ps2pk.map"...
2025-05-06 16:57:16,791+0200 INFO  miktex - Writing "C:\Users\neyen\OneDrive\Рабочий стол\miktex\texmfs/data\fonts\map\dvips\psfonts_pk.map"...
2025-05-06 16:57:16,798+0200 INFO  miktex - Writing "C:\Users\neyen\OneDrive\Рабочий стол\miktex\texmfs/data\fonts\map\dvips\psfonts_t1.map"...
2025-05-06 16:57:16,806+0200 INFO  miktex - Writing "C:\Users\neyen\OneDrive\Рабочий стол\miktex\texmfs/data\fonts\map\pdftex\pdftex_dl14.map"...
2025-05-06 16:57:16,815+0200 INFO  miktex - Writing "C:\Users\neyen\OneDrive\Рабочий стол\miktex\texmfs/data\fonts\map\pdftex\pdftex_ndl14.map"...
2025-05-06 16:57:16,822+0200 INFO  miktex - Copying "C:\Users\neyen\OneDrive\Рабочий стол\miktex\texmfs/data\fonts\map\dvips\psfonts_t1.map"
2025-05-06 16:57:16,823+0200 INFO  miktex -      to "C:\Users\neyen\OneDrive\Рабочий стол\miktex\texmfs/data\fonts\map\dvips\psfonts.map"...
2025-05-06 16:57:16,825+0200 INFO  miktex - Copying "C:\Users\neyen\OneDrive\Рабочий стол\miktex\texmfs/data\fonts\map\pdftex\pdftex_dl14.map"
2025-05-06 16:57:16,826+0200 INFO  miktex -      to "C:\Users\neyen\OneDrive\Рабочий стол\miktex\texmfs/data\fonts\map\pdftex\pdftex.map"...
2025-05-06 16:57:16,841+0200 INFO  miktex - running: miktex-fc-cache --miktex-disable-maintenance --miktex-disable-diagnose
2025-05-06 16:57:16,842+0200 INFO  miktex.core - start process: miktex-fc-cache --miktex-disable-maintenance --miktex-disable-diagnose
2025-05-06 16:57:17,256+0200 WARN  miktex.core - still open: "C:\Users\neyen\OneDrive\Рабочий стол\miktex\texmfs\install\fontconfig/config\fonts.conf.in"
2025-05-06 16:57:17,256+0200 WARN  miktex.core - still open: "C:\Users\neyen\OneDrive\Рабочий стол\miktex\texmfs/config\fontconfig\config\fonts.conf"
2025-05-06 16:57:17,257+0200 INFO  miktex - this process (18612) finishes with exit code 0
2025-05-06 16:57:19,766+0200 INFO  miktex - this is One MiKTeX Utility 1.9 (MiKTeX 24.1 Portable)
2025-05-06 16:57:19,766+0200 INFO  miktex - this process (13876) started by pdflatex in directory C:\Users\neyen\OneDrive\Рабочий стол\miktex\texmfs\install\miktex\bin\x64 with command line: miktex fontmaps configure
2025-05-06 16:57:19,775+0200 INFO  miktex - Parsing configuration file "C:\Users\neyen\OneDrive\Рабочий стол\miktex\texmfs\install\miktex/config\updmap.cfg"...
2025-05-06 16:57:25,121+0200 INFO  miktex - Writing "C:\Users\neyen\OneDrive\Рабочий стол\miktex\texmfs/data\fonts\map\dvipdfmx\kanjix.map"...
2025-05-06 16:57:25,124+0200 INFO  miktex - Writing "C:\Users\neyen\OneDrive\Рабочий стол\miktex\texmfs/data\fonts\map\dvips\builtin35.map"...
2025-05-06 16:57:25,127+0200 INFO  miktex - Writing "C:\Users\neyen\OneDrive\Рабочий стол\miktex\texmfs/data\fonts\map\dvips\download35.map"...
2025-05-06 16:57:25,131+0200 INFO  miktex - Writing "C:\Users\neyen\OneDrive\Рабочий стол\miktex\texmfs/data\fonts\map\dvips\ps2pk.map"...
2025-05-06 16:57:25,138+0200 INFO  miktex - Writing "C:\Users\neyen\OneDrive\Рабочий стол\miktex\texmfs/data\fonts\map\dvips\psfonts_pk.map"...
2025-05-06 16:57:25,145+0200 INFO  miktex - Writing "C:\Users\neyen\OneDrive\Рабочий стол\miktex\texmfs/data\fonts\map\dvips\psfonts_t1.map"...
2025-05-06 16:57:25,153+0200 INFO  miktex - Writing "C:\Users\neyen\OneDrive\Рабочий стол\miktex\texmfs/data\fonts\map\pdftex\pdftex_dl14.map"...
2025-05-06 16:57:25,161+0200 INFO  miktex - Writing "C:\Users\neyen\OneDrive\Рабочий стол\miktex\texmfs/data\fonts\map\pdftex\pdftex_ndl14.map"...
2025-05-06 16:57:25,169+0200 INFO  miktex - Copying "C:\Users\neyen\OneDrive\Рабочий стол\miktex\texmfs/data\fonts\map\dvips\psfonts_t1.map"
2025-05-06 16:57:25,169+0200 INFO  miktex -      to "C:\Users\neyen\OneDrive\Рабочий стол\miktex\texmfs/data\fonts\map\dvips\psfonts.map"...
2025-05-06 16:57:25,172+0200 INFO  miktex - Copying "C:\Users\neyen\OneDrive\Рабочий стол\miktex\texmfs/data\fonts\map\pdftex\pdftex_dl14.map"
2025-05-06 16:57:25,172+0200 INFO  miktex -      to "C:\Users\neyen\OneDrive\Рабочий стол\miktex\texmfs/data\fonts\map\pdftex\pdftex.map"...
2025-05-06 16:57:25,187+0200 INFO  miktex - running: miktex-fc-cache --miktex-disable-maintenance --miktex-disable-diagnose
2025-05-06 16:57:25,187+0200 INFO  miktex.core - start process: miktex-fc-cache --miktex-disable-maintenance --miktex-disable-diagnose
2025-05-06 16:57:25,589+0200 WARN  miktex.core - still open: "C:\Users\neyen\OneDrive\Рабочий стол\miktex\texmfs\install\fontconfig/config\fonts.conf.in"
2025-05-06 16:57:25,589+0200 WARN  miktex.core - still open: "C:\Users\neyen\OneDrive\Рабочий стол\miktex\texmfs/config\fontconfig\config\fonts.conf"
2025-05-06 16:57:25,589+0200 INFO  miktex - this process (13876) finishes with exit code 0
2025-05-06 16:57:28,590+0200 INFO  miktex - this is One MiKTeX Utility 1.9 (MiKTeX 24.1 Portable)
2025-05-06 16:57:28,590+0200 INFO  miktex - this process (21312) started by pdflatex in directory C:\Users\neyen\OneDrive\Рабочий стол\miktex\texmfs\install\miktex\bin\x64 with command line: miktex fontmaps configure
2025-05-06 16:57:28,598+0200 INFO  miktex - Parsing configuration file "C:\Users\neyen\OneDrive\Рабочий стол\miktex\texmfs\install\miktex/config\updmap.cfg"...
2025-05-06 16:57:33,693+0200 INFO  miktex - Writing "C:\Users\neyen\OneDrive\Рабочий стол\miktex\texmfs/data\fonts\map\dvipdfmx\kanjix.map"...
2025-05-06 16:57:33,695+0200 INFO  miktex - Writing "C:\Users\neyen\OneDrive\Рабочий стол\miktex\texmfs/data\fonts\map\dvips\builtin35.map"...
2025-05-06 16:57:33,698+0200 INFO  miktex - Writing "C:\Users\neyen\OneDrive\Рабочий стол\miktex\texmfs/data\fonts\map\dvips\download35.map"...
2025-05-06 16:57:33,701+0200 INFO  miktex - Writing "C:\Users\neyen\OneDrive\Рабочий стол\miktex\texmfs/data\fonts\map\dvips\ps2pk.map"...
2025-05-06 16:57:33,709+0200 INFO  miktex - Writing "C:\Users\neyen\OneDrive\Рабочий стол\miktex\texmfs/data\fonts\map\dvips\psfonts_pk.map"...
2025-05-06 16:57:33,716+0200 INFO  miktex - Writing "C:\Users\neyen\OneDrive\Рабочий стол\miktex\texmfs/data\fonts\map\dvips\psfonts_t1.map"...
2025-05-06 16:57:33,724+0200 INFO  miktex - Writing "C:\Users\neyen\OneDrive\Рабочий стол\miktex\texmfs/data\fonts\map\pdftex\pdftex_dl14.map"...
2025-05-06 16:57:33,735+0200 INFO  miktex - Writing "C:\Users\neyen\OneDrive\Рабочий стол\miktex\texmfs/data\fonts\map\pdftex\pdftex_ndl14.map"...
2025-05-06 16:57:33,743+0200 INFO  miktex - Copying "C:\Users\neyen\OneDrive\Рабочий стол\miktex\texmfs/data\fonts\map\dvips\psfonts_t1.map"
2025-05-06 16:57:33,743+0200 INFO  miktex -      to "C:\Users\neyen\OneDrive\Рабочий стол\miktex\texmfs/data\fonts\map\dvips\psfonts.map"...
2025-05-06 16:57:33,746+0200 INFO  miktex - Copying "C:\Users\neyen\OneDrive\Рабочий стол\miktex\texmfs/data\fonts\map\pdftex\pdftex_dl14.map"
2025-05-06 16:57:33,746+0200 INFO  miktex -      to "C:\Users\neyen\OneDrive\Рабочий стол\miktex\texmfs/data\fonts\map\pdftex\pdftex.map"...
2025-05-06 16:57:33,761+0200 INFO  miktex - running: miktex-fc-cache --miktex-disable-maintenance --miktex-disable-diagnose
2025-05-06 16:57:33,761+0200 INFO  miktex.core - start process: miktex-fc-cache --miktex-disable-maintenance --miktex-disable-diagnose
2025-05-06 16:57:34,170+0200 WARN  miktex.core - still open: "C:\Users\neyen\OneDrive\Рабочий стол\miktex\texmfs\install\fontconfig/config\fonts.conf.in"
2025-05-06 16:57:34,171+0200 WARN  miktex.core - still open: "C:\Users\neyen\OneDrive\Рабочий стол\miktex\texmfs/config\fontconfig\config\fonts.conf"
2025-05-06 16:57:34,171+0200 INFO  miktex - this process (21312) finishes with exit code 0
