+t2ccmtt.fd;tex/latex/cyrillic;
+koi8-r.def;tex/latex/cyrillic;
+t2accr.fd;tex/latex/cyrillic;
+cyrillic.tpm;tpm/packages;
+isoir111.def;tex/latex/cyrillic;
+x2lcmtt.fd;tex/latex/cyrillic;
+maccyr.def;tex/latex/cyrillic;
+t2blcmss.fd;tex/latex/cyrillic;
+lcy.sty;tex/latex/cyrillic;
+ot2enc.def;tex/latex/cyrillic;
+x2cmr.fd;tex/latex/cyrillic;
+mos.def;tex/latex/cyrillic;
+t2bcmfib.fd;tex/latex/cyrillic;
+t2clcmtt.fd;tex/latex/cyrillic;
+ot2lcmtt.fd;tex/latex/cyrillic;
+t2acmvtt.fd;tex/latex/cyrillic;
+lcyccr.fd;tex/latex/cyrillic;
+x2lcmss.fd;tex/latex/cyrillic;
+ctt.def;tex/latex/cyrillic;
+ot2cmfib.fd;tex/latex/cyrillic;
+t2bccr.fd;tex/latex/cyrillic;
+t2ccmfr.fd;tex/latex/cyrillic;
+t2ccmdh.fd;tex/latex/cyrillic;
+cp866.def;tex/latex/cyrillic;
+t2bcmtt.fd;tex/latex/cyrillic;
+lcycmtt.fd;tex/latex/cyrillic;
+t2acmfib.fd;tex/latex/cyrillic;
+lcycmvtt.fd;tex/latex/cyrillic;
+t2ccmr.fd;tex/latex/cyrillic;
+ot2cmtt.fd;tex/latex/cyrillic;
+t2clcmss.fd;tex/latex/cyrillic;
+mnk.def;tex/latex/cyrillic;
+t2acmtt.fd;tex/latex/cyrillic;
+ot2ccr.fd;tex/latex/cyrillic;
+cp866av.def;tex/latex/cyrillic;
+t2cenc.def;tex/latex/cyrillic;
+ot2cmtl.fd;tex/latex/cyrillic;
+ot2lcmss.fd;tex/latex/cyrillic;
+ot2cmvtt.fd;tex/latex/cyrillic;
+ot2cmfr.fd;tex/latex/cyrillic;
+t2bcmbr.fd;tex/latex/cyrillic;
+x2cmbr.fd;tex/latex/cyrillic;
+dbk.def;tex/latex/cyrillic;
+lcycmfr.fd;tex/latex/cyrillic;
+x2cmss.fd;tex/latex/cyrillic;
+x2cmtl.fd;tex/latex/cyrillic;
+ot2cmbr.fd;tex/latex/cyrillic;
+t2benc.def;tex/latex/cyrillic;
+t2acmss.fd;tex/latex/cyrillic;
+cp1251.def;tex/latex/cyrillic;
+t2acmr.fd;tex/latex/cyrillic;
+pt154.def;tex/latex/cyrillic;
+iso88595.def;tex/latex/cyrillic;
+lcycmr.fd;tex/latex/cyrillic;
+t2bcmr.fd;tex/latex/cyrillic;
+ot2wlcyr.fd;tex/latex/cyrillic;
+t2ccmfib.fd;tex/latex/cyrillic;
+lcycmdh.fd;tex/latex/cyrillic;
+t2cccr.fd;tex/latex/cyrillic;
+t2blcmtt.fd;tex/latex/cyrillic;
+cp866nav.def;tex/latex/cyrillic;
+t2acmbr.fd;tex/latex/cyrillic;
+ot2cmr.fd;tex/latex/cyrillic;
+ot2wncyss.fd;tex/latex/cyrillic;
+t2alcmss.fd;tex/latex/cyrillic;
+t2acmdh.fd;tex/latex/cyrillic;
+ot2cmdh.fd;tex/latex/cyrillic;
+koi8-u.def;tex/latex/cyrillic;
+x2cmvtt.fd;tex/latex/cyrillic;
+ot2wlcyss.fd;tex/latex/cyrillic;
+x2enc.def;tex/latex/cyrillic;
+x2cmtt.fd;tex/latex/cyrillic;
+lcycmss.fd;tex/latex/cyrillic;
+t2ccmvtt.fd;tex/latex/cyrillic;
+t2ccmbr.fd;tex/latex/cyrillic;
+t2ccmtl.fd;tex/latex/cyrillic;
+cp866tat.def;tex/latex/cyrillic;
+t2bcmvtt.fd;tex/latex/cyrillic;
+macukr.def;tex/latex/cyrillic;
+lcycmfib.fd;tex/latex/cyrillic;
+x2cmfr.fd;tex/latex/cyrillic;
+t2acmtl.fd;tex/latex/cyrillic;
+ot2wncyr.fd;tex/latex/cyrillic;
+lcylcmtt.fd;tex/latex/cyrillic;
+t2bcmss.fd;tex/latex/cyrillic;
+koi8-ru.def;tex/latex/cyrillic;
+lcycmtl.fd;tex/latex/cyrillic;
+t2bcmfr.fd;tex/latex/cyrillic;
+t2aenc.def;tex/latex/cyrillic;
+t2ccmss.fd;tex/latex/cyrillic;
+t2bcmdh.fd;tex/latex/cyrillic;
+mls.def;tex/latex/cyrillic;
+t2alcmtt.fd;tex/latex/cyrillic;
+x2ccr.fd;tex/latex/cyrillic;
+cp866mav.def;tex/latex/cyrillic;
+t2acmfr.fd;tex/latex/cyrillic;
+t2bcmtl.fd;tex/latex/cyrillic;
+pt254.def;tex/latex/cyrillic;
+lcycmbr.fd;tex/latex/cyrillic;
+mik.def;tex/latex/cyrillic;
+lcyenc.def;tex/latex/cyrillic;
+ncc.def;tex/latex/cyrillic;
+lcylcmss.fd;tex/latex/cyrillic;
+x2cmdh.fd;tex/latex/cyrillic;
+ot2cmss.fd;tex/latex/cyrillic;
+cp855.def;tex/latex/cyrillic;
+x2cmfib.fd;tex/latex/cyrillic;
+x2-fmap.tex;doc/fonts/lh/fonttest;
+beresta.tex;doc/fonts/lh/beresta;
+ldcodes.tex;doc/fonts/lh/beresta;
+ldtitle.mf;fonts/source/lh/base;
+lhbr8.mf;fonts/source/lh/lh-lcy;
+lcyrdefs.mf;fonts/source/lh/base;
+allenc0.tex;doc/fonts/lh/fonttest;
+lcbsr9.mf;fonts/source/lh/lh-t2c;
+rxcodes.tex;doc/fonts/lh/beresta;
+katalog3.t2;doc/fonts/lh/fonttest;
+testkern.tex;tex/plain/lh;
+ilalq8.mf;fonts/source/lh/lh-t2a;
+berestax.tex;doc/fonts/lh/beresta;
+eobx5.mf;fonts/source/lh/lh-conc;
+allenc1.tex;doc/fonts/lh/fonttest;
+lcobxsl10.mf;fonts/source/lh/lh-t2c;
+rsosl6.mf;fonts/source/lh/lh-XSlav;
+eobxti10.mf;fonts/source/lh/lh-conc;
+lacodes.tex;doc/fonts/lh/beresta;
+laobxsl10.mf;fonts/source/lh/lh-t2a;
+laosl8.mf;fonts/source/lh/lh-t2a;
+lbcodes.tex;doc/fonts/lh/beresta;
+fntaddcm.tex;source/fonts/lh/tex;
+lgunicu.mf;fonts/source/lh/nont2;
+ildlb8.mf;fonts/source/lh/lh-t2d;
+ldorm5.mf;fonts/source/lh/lh-t2d;
+lccodes.tex;doc/fonts/lh/beresta;
+lh-t2atext.tex;doc/fonts/lh/samples;
+lgcyru.mf;fonts/source/lh/base;
+llbligtb.mf;fonts/source/lh/base;
+txcodes.tex;doc/fonts/lh/beresta;
+rxosl8.mf;fonts/source/lh/lh-x2;
+lh-lcy.tex;doc/fonts/lh/samples;
+wn-comp.tex;doc/fonts/lh/fonttest;
+rsbsr8.mf;fonts/source/lh/lh-XSlav;
+yycodes.tex;doc/fonts/lh/beresta;
+rxobx10.mf;fonts/source/lh/lh-x2;
+allenc.tex;doc/fonts/lh/fonttest;
+rxbsr10.mf;fonts/source/lh/lh-x2;
+lbbmr10.mf;fonts/source/lh/lh-t2b;
+t2d-fmap.tex;doc/fonts/lh/fonttest;
+allenc2.tex;doc/fonts/lh/fonttest;
+lhcr7.mf;fonts/source/lh/lh-lcy;
+lgunici.mf;fonts/source/lh/nont2;
+x2-text.tex;doc/fonts/lh/fonttest;
+katalog.t2;doc/fonts/lh/fonttest;
+laobx8.mf;fonts/source/lh/lh-t2a;
+wntl10.mf;fonts/source/lh/lh-ot2;
+allenc3.tex;doc/fonts/lh/fonttest;
+lgcyrcu.mf;fonts/source/lh/specific;
+rsli8.mf;fonts/source/lh/lh-XSlav;
+allenc4.tex;doc/fonts/lh/fonttest;
+lh-lcytext.tex;doc/fonts/lh/samples;
+t2a-fmap.tex;doc/fonts/lh/fonttest;
+katalog-beresta.tex;doc/fonts/lh/fonttest;
+lgt2comu.mf;fonts/source/lh/base;
+lhbrsl8.mf;fonts/source/lh/lh-lcy;
+katalog-short.t2;doc/fonts/lh/fonttest;
+lh-texx.tex;doc/fonts/lh/fonttest;
+ldbsr8.mf;fonts/source/lh/lh-t2d;
+lbbtl10.mf;fonts/source/lh/lh-t2b;
+katalog.lh;doc/fonts/lh/fonttest;
+ldoslc9.mf;fonts/source/lh/lh-t2d;
+rsobx8.mf;fonts/source/lh/lh-XSlav;
+lh-fmap.tex;doc/fonts/lh/fonttest;
+ilbli8.mf;fonts/source/lh/lh-t2b;
+katalog1.lh;doc/fonts/lh/fonttest;
+01cm-lh.tex;source/fonts/lh/tex;
+katalog1.t2;doc/fonts/lh/fonttest;
+katalog2.lh;doc/fonts/lh/fonttest;
+wnbrsl8.mf;fonts/source/lh/lh-ot2;
+t2d-text.tex;doc/fonts/lh/fonttest;
+laosl10.mf;fonts/source/lh/lh-t2a;
+lbbmr8.mf;fonts/source/lh/lh-t2b;
+rxlo8.mf;fonts/source/lh/lh-x2;
+katalog2.t2;doc/fonts/lh/fonttest;
+ldbtl10.mf;fonts/source/lh/lh-t2d;
+wn-fmap.tex;doc/fonts/lh/fonttest;
+testLHtxt.tex;doc/fonts/lh/fonttest;
+lbbsr8.mf;fonts/source/lh/lh-t2b;
+katalog4.t2;doc/fonts/lh/fonttest;
+rsoti10.mf;fonts/source/lh/lh-XSlav;
+rsorm5.mf;fonts/source/lh/lh-XSlav;
+katalog5.t2;doc/fonts/lh/fonttest;
+ldosl7.mf;fonts/source/lh/lh-t2d;
+xsl-fmap.tex;doc/fonts/lh/fonttest;
+rsocc10.mf;fonts/source/lh/lh-XSlav;
+rsbto10.mf;fonts/source/lh/lh-XSlav;
+ilhtt8.mf;fonts/source/lh/lh-lcy;
+lhtl10.mf;fonts/source/lh/lh-lcy;
+katalog6.t2;doc/fonts/lh/fonttest;
+katalog7.t2;doc/fonts/lh/fonttest;
+lh-text.tex;doc/fonts/lh/fonttest;
+rslq8.mf;fonts/source/lh/lh-XSlav;
+lh-texy.tex;doc/fonts/lh/fonttest;
+t2a-text.tex;doc/fonts/lh/fonttest;
+lassdc10.mf;fonts/source/lh/lh-t2a;
+ldorm8.mf;fonts/source/lh/lh-t2d;
+t2a-fmap-short.tex;doc/fonts/lh/fonttest;
+t2b-fmap.tex;doc/fonts/lh/fonttest;
+lh-t2axccr.sty;tex/latex/lh;
+t2b-text.tex;doc/fonts/lh/fonttest;
+irslq8.mf;fonts/source/lh/lh-XSlav;
+ccbx6.mf;fonts/source/lh/lh-conc;
+lbbso10.mf;fonts/source/lh/lh-t2b;
+t2c-fmap.tex;doc/fonts/lh/fonttest;
+t2c-text.tex;doc/fonts/lh/fonttest;
+00readme;source/fonts/lh/tex/wrk/lh-t2d;
+uc-fmap.tex;doc/fonts/lh/fonttest;
+rsbbx10.mf;fonts/source/lh/lh-XSlav;
+wn-text.tex;doc/fonts/lh/fonttest;
+irxli8.mf;fonts/source/lh/lh-x2;
+xsl-text.tex;doc/fonts/lh/fonttest;
+lh-t2accr.sty;tex/latex/lh;
+rxobx8.mf;fonts/source/lh/lh-x2;
+fonttest.en;doc/fonts/lh/lhfonts;
+rxbsr8.mf;fonts/source/lh/lh-x2;
+lhfont35.en;doc/fonts/lh/lhfonts;
+lcorm7.mf;fonts/source/lh/lh-t2c;
+lgcvacu.mf;fonts/source/lh/nont2;
+lbosl9.mf;fonts/source/lh/lh-t2b;
+lhfont35.ru;doc/fonts/lh/lhfonts;
+lgt2loi.mf;fonts/source/lh/base;
+rxssdc10.mf;fonts/source/lh/lh-x2;
+fikparm.mf;fonts/source/lh/base;
+lh-ot2text.tex;doc/fonts/lh/samples;
+ldbsr10.mf;fonts/source/lh/lh-t2d;
+lhfonts.hst;doc/fonts/lh/lhfonts;
+lbbso8.mf;fonts/source/lh/lh-t2b;
+rsbso10.mf;fonts/source/lh/lh-XSlav;
+lcyrbeg.mf;fonts/source/lh/base;
+T1inT2.en;doc/fonts/lh/lhfonts;
+lh-ot2.tex;doc/fonts/lh/samples;
+ccbxsl10.mf;fonts/source/lh/lh-conc;
+lh-t2a.tex;doc/fonts/lh/samples;
+ldbroman.mf;fonts/source/lh/base;
+ilaltt8.mf;fonts/source/lh/lh-t2a;
+ldcsc.mf;fonts/source/lh/base;
+rxosl10.mf;fonts/source/lh/lh-x2;
+concbx5pt.mf;fonts/source/lh/lh-conc;
+lboti10.mf;fonts/source/lh/lh-t2b;
+ldroman.mf;fonts/source/lh/base;
+lbliker.mf;fonts/source/lh/lh-t2b;
+ldtexset.mf;fonts/source/lh/base;
+ldtextit.mf;fonts/source/lh/base;
+rxlb8.mf;fonts/source/lh/lh-x2;
+lebroman.mf;fonts/source/lh/base;
+lhcr10.mf;fonts/source/lh/lh-lcy;
+lecsc.mf;fonts/source/lh/base;
+ilcli8.mf;fonts/source/lh/lh-t2c;
+leroman.mf;fonts/source/lh/base;
+letextit.mf;fonts/source/lh/base;
+lborm9.mf;fonts/source/lh/lh-t2b;
+lgcspl.mf;fonts/source/lh/base;
+lgcyracc.mf;fonts/source/lh/base;
+laobx9.mf;fonts/source/lh/lh-t2a;
+lgilig.mf;fonts/source/lh/base;
+lgcyri.mf;fonts/source/lh/base;
+lgcyrl.mf;fonts/source/lh/base;
+illhss8.mf;fonts/source/lh/lh-lcy;
+lgcyrsp.mf;fonts/source/lh/base;
+wncb10.mf;fonts/source/lh/lh-ot2;
+lgcyrsym.mf;fonts/source/lh/base;
+lgengsym.mf;fonts/source/lh/base;
+ldbto10.mf;fonts/source/lh/lh-t2d;
+lgidigit.mf;fonts/source/lh/base;
+lgitalp.mf;fonts/source/lh/base;
+ldlq8.mf;fonts/source/lh/lh-t2d;
+wnbr9.mf;fonts/source/lh/lh-ot2;
+lgocyrac.mf;fonts/source/lh/base;
+lgpunct.mf;fonts/source/lh/base;
+lgrdigit.mf;fonts/source/lh/base;
+rxbbx10.mf;fonts/source/lh/lh-x2;
+lgrlig.mf;fonts/source/lh/base;
+lgromp.mf;fonts/source/lh/base;
+lgrusi.mf;fonts/source/lh/base;
+lgrusl.mf;fonts/source/lh/base;
+lgrusu.mf;fonts/source/lh/base;
+wncbx10.mf;fonts/source/lh/lh-ot2;
+labmr17.mf;fonts/source/lh/lh-t2a;
+rsbmr9.mf;fonts/source/lh/lh-XSlav;
+lgt2comi.mf;fonts/source/lh/base;
+lcobx7.mf;fonts/source/lh/lh-t2c;
+14ex-lc.tex;source/fonts/lh/tex;
+lgt2coml.mf;fonts/source/lh/base;
+lbobx5.mf;fonts/source/lh/lh-t2b;
+rsbso9.mf;fonts/source/lh/lh-XSlav;
+lgt2lol.mf;fonts/source/lh/base;
+lcbso8.mf;fonts/source/lh/lh-t2c;
+wncslc9.mf;fonts/source/lh/lh-ot2;
+laltt8.mf;fonts/source/lh/lh-t2a;
+lgt2lou.mf;fonts/source/lh/base;
+concbx7pt.mf;fonts/source/lh/lh-conc;
+laobxti10.mf;fonts/source/lh/lh-t2a;
+lblo8.mf;fonts/source/lh/lh-t2b;
+lgcvaci.mf;fonts/source/lh/nont2;
+laorm9.mf;fonts/source/lh/lh-t2a;
+rsbsr9.mf;fonts/source/lh/lh-XSlav;
+lgt2slvi.mf;fonts/source/lh/base;
+lgt2slvl.mf;fonts/source/lh/base;
+lgt2slvu.mf;fonts/source/lh/base;
+lhcr6.mf;fonts/source/lh/lh-lcy;
+lgt2upi.mf;fonts/source/lh/base;
+lgt2upl.mf;fonts/source/lh/base;
+labmr9.mf;fonts/source/lh/lh-t2a;
+ilwnss8.mf;fonts/source/lh/lh-ot2;
+lgt2upu.mf;fonts/source/lh/base;
+enc-t2.tex;source/fonts/lh/tex;
+lkligtbl.mf;fonts/source/lh/base;
+ldoti10.mf;fonts/source/lh/lh-t2d;
+llcligtb.mf;fonts/source/lh/base;
+lliligtb.mf;fonts/source/lh/base;
+lbosl10.mf;fonts/source/lh/lh-t2b;
+llmligtb.mf;fonts/source/lh/base;
+llrligtb.mf;fonts/source/lh/base;
+eob10.mf;fonts/source/lh/lh-conc;
+lcorm8.mf;fonts/source/lh/lh-t2c;
+llvligtb.mf;fonts/source/lh/base;
+11ex-rx.tex;source/fonts/lh/tex;
+lwnligs.mf;fonts/source/lh/base;
+lxpseudo.mf;fonts/source/lh/base;
+ldobx7.mf;fonts/source/lh/lh-t2d;
+lh-t2bxccr.sty;tex/latex/lh;
+ccbx5.mf;fonts/source/lh/lh-conc;
+rxcodes.mf;fonts/source/lh/lh-x2;
+lycyracc.mf;fonts/source/lh/base;
+lypseudo.mf;fonts/source/lh/base;
+rxorm7.mf;fonts/source/lh/lh-x2;
+nodraw.mf;fonts/source/lh/base;
+00readme.txt;fonts/source/lh/lh-conc;
+ccb10.mf;fonts/source/lh/lh-conc;
+00readme;source/fonts/lh/tex/wrk/lh_temp;
+ccbx10.mf;fonts/source/lh/lh-conc;
+lbosl6.mf;fonts/source/lh/lh-t2b;
+ccbx7.mf;fonts/source/lh/lh-conc;
+ccbx8.mf;fonts/source/lh/lh-conc;
+ccbx9.mf;fonts/source/lh/lh-conc;
+lcqi8.mf;fonts/source/lh/lh-t2c;
+ccbxti10.mf;fonts/source/lh/lh-conc;
+ilwnssb8.mf;fonts/source/lh/lh-ot2;
+ldosl5.mf;fonts/source/lh/lh-t2d;
+concb10pt.mf;fonts/source/lh/lh-conc;
+rsbmo8.mf;fonts/source/lh/lh-XSlav;
+concbx10pt.mf;fonts/source/lh/lh-conc;
+iwncsc10.mf;fonts/source/lh/lh-ot2;
+ldbmr17.mf;fonts/source/lh/lh-t2d;
+lgrucu.mf;fonts/source/lh/specific;
+concbx12pt.mf;fonts/source/lh/lh-conc;
+00readme;source/fonts/lh/tex/wrk/lh-t2b;
+concbx6pt.mf;fonts/source/lh/lh-conc;
+rxbso8.mf;fonts/source/lh/lh-x2;
+21cm-ic.tex;source/fonts/lh/tex;
+concbx8pt.mf;fonts/source/lh/lh-conc;
+concbx9pt.mf;fonts/source/lh/lh-conc;
+concbxti10.mf;fonts/source/lh/lh-conc;
+wnbr8.mf;fonts/source/lh/lh-ot2;
+ldqi8.mf;fonts/source/lh/lh-t2d;
+lhsltl10.mf;fonts/source/lh/lh-lcy;
+lcbmo8.mf;fonts/source/lh/lh-t2c;
+concc9pt.mf;fonts/source/lh/lh-conc;
+eobx10.mf;fonts/source/lh/lh-conc;
+eobx6.mf;fonts/source/lh/lh-conc;
+eobx7.mf;fonts/source/lh/lh-conc;
+nfssfox.tex;tex/latex/lh;
+lcbmo10.mf;fonts/source/lh/lh-t2c;
+eobx8.mf;fonts/source/lh/lh-conc;
+lasq8.mf;fonts/source/lh/lh-t2a;
+eobx9.mf;fonts/source/lh/lh-conc;
+eobxsl10.mf;fonts/source/lh/lh-conc;
+laorm10.mf;fonts/source/lh/lh-t2a;
+eoslc9.mf;fonts/source/lh/lh-conc;
+labmo17.mf;fonts/source/lh/lh-t2a;
+ilhcsc10.mf;fonts/source/lh/lh-lcy;
+34cm-kx.tex;source/fonts/lh/tex;
+illhssb8.mf;fonts/source/lh/lh-lcy;
+illhssi8.mf;fonts/source/lh/lh-lcy;
+labso17.mf;fonts/source/lh/lh-t2a;
+lhbr10.mf;fonts/source/lh/lh-lcy;
+lhbr17.mf;fonts/source/lh/lh-lcy;
+lhbr9.mf;fonts/source/lh/lh-lcy;
+lali8.mf;fonts/source/lh/lh-t2a;
+lhbrbx10.mf;fonts/source/lh/lh-lcy;
+rxorm6.mf;fonts/source/lh/lh-x2;
+lhbrsl10.mf;fonts/source/lh/lh-lcy;
+lcsq8.mf;fonts/source/lh/lh-t2c;
+lgberstb.mf;fonts/source/lh/nont2;
+lhbrsl17.mf;fonts/source/lh/lh-lcy;
+lhbrsl9.mf;fonts/source/lh/lh-lcy;
+lhcb10.mf;fonts/source/lh/lh-lcy;
+lccodes.mf;fonts/source/lh/lh-t2c;
+lcoslc9.mf;fonts/source/lh/lh-t2c;
+ldobx9.mf;fonts/source/lh/lh-t2d;
+laosl6.mf;fonts/source/lh/lh-t2a;
+lhcbx10.mf;fonts/source/lh/lh-lcy;
+lhcbx5.mf;fonts/source/lh/lh-lcy;
+laorm6.mf;fonts/source/lh/lh-t2a;
+lhcbx6.mf;fonts/source/lh/lh-lcy;
+wnbrbx10.mf;fonts/source/lh/lh-ot2;
+laorm5.mf;fonts/source/lh/lh-t2a;
+lhcbx7.mf;fonts/source/lh/lh-lcy;
+lhcbx8.mf;fonts/source/lh/lh-lcy;
+lhcbx9.mf;fonts/source/lh/lh-lcy;
+lhcbxsl10.mf;fonts/source/lh/lh-lcy;
+lhcbxti10.mf;fonts/source/lh/lh-lcy;
+rxbso9.mf;fonts/source/lh/lh-x2;
+lhccsc10.mf;fonts/source/lh/lh-lcy;
+rsorm9.mf;fonts/source/lh/lh-XSlav;
+lhcodes.mf;fonts/source/lh/lh-lcy;
+lcobx10.mf;fonts/source/lh/lh-t2c;
+ldsq8.mf;fonts/source/lh/lh-t2d;
+rsorm10.mf;fonts/source/lh/lh-XSlav;
+lhcr5.mf;fonts/source/lh/lh-lcy;
+lhcr8.mf;fonts/source/lh/lh-lcy;
+lhcr9.mf;fonts/source/lh/lh-lcy;
+lhcsl10.mf;fonts/source/lh/lh-lcy;
+lbobxti10.mf;fonts/source/lh/lh-t2b;
+lhcsl9.mf;fonts/source/lh/lh-lcy;
+rxliker.mf;fonts/source/lh/lh-x2;
+llhssi8.mf;fonts/source/lh/lh-lcy;
+lhcslc9.mf;fonts/source/lh/lh-lcy;
+lwnss8.mf;fonts/source/lh/lh-ot2;
+lhcti10.mf;fonts/source/lh/lh-lcy;
+lhliker.mf;fonts/source/lh/lh-lcy;
+llhss8.mf;fonts/source/lh/lh-lcy;
+llhssb8.mf;fonts/source/lh/lh-lcy;
+ilwnssi8.mf;fonts/source/lh/lh-ot2;
+iwntt8.mf;fonts/source/lh/lh-ot2;
+rxobxti10.mf;fonts/source/lh/lh-x2;
+lwnssb8.mf;fonts/source/lh/lh-ot2;
+laob10.mf;fonts/source/lh/lh-t2a;
+ldlo8.mf;fonts/source/lh/lh-t2d;
+lwnssi8.mf;fonts/source/lh/lh-ot2;
+ldbsr17.mf;fonts/source/lh/lh-t2d;
+wnbr10.mf;fonts/source/lh/lh-ot2;
+wnbr17.mf;fonts/source/lh/lh-ot2;
+laocc10.mf;fonts/source/lh/lh-t2a;
+rxbmo8.mf;fonts/source/lh/lh-x2;
+wnbrsl10.mf;fonts/source/lh/lh-ot2;
+lcbmr8.mf;fonts/source/lh/lh-t2c;
+wnbrsl17.mf;fonts/source/lh/lh-ot2;
+rsosl10.mf;fonts/source/lh/lh-XSlav;
+wnbrsl9.mf;fonts/source/lh/lh-ot2;
+wncr9.mf;fonts/source/lh/lh-ot2;
+wncbx5.mf;fonts/source/lh/lh-ot2;
+wncbx6.mf;fonts/source/lh/lh-ot2;
+rxli8.mf;fonts/source/lh/lh-x2;
+rxbmr17.mf;fonts/source/lh/lh-x2;
+wncbx7.mf;fonts/source/lh/lh-ot2;
+wncbx8.mf;fonts/source/lh/lh-ot2;
+wncr5.mf;fonts/source/lh/lh-ot2;
+wncbx9.mf;fonts/source/lh/lh-ot2;
+rsorm8.mf;fonts/source/lh/lh-XSlav;
+wncbxsl10.mf;fonts/source/lh/lh-ot2;
+wncbxti10.mf;fonts/source/lh/lh-ot2;
+ldbmo10.mf;fonts/source/lh/lh-t2d;
+wnccsc10.mf;fonts/source/lh/lh-ot2;
+wncodes.mf;fonts/source/lh/lh-ot2;
+labto10.mf;fonts/source/lh/lh-t2a;
+wncr10.mf;fonts/source/lh/lh-ot2;
+wncr6.mf;fonts/source/lh/lh-ot2;
+wncr7.mf;fonts/source/lh/lh-ot2;
+rxob10.mf;fonts/source/lh/lh-x2;
+irxlq8.mf;fonts/source/lh/lh-x2;
+wncr8.mf;fonts/source/lh/lh-ot2;
+wncsl10.mf;fonts/source/lh/lh-ot2;
+wncsl9.mf;fonts/source/lh/lh-ot2;
+lbobx6.mf;fonts/source/lh/lh-t2b;
+lh-ot2.sty;tex/latex/lh;
+wncti10.mf;fonts/source/lh/lh-ot2;
+wnliker.mf;fonts/source/lh/lh-ot2;
+wnsltl10.mf;fonts/source/lh/lh-ot2;
+lgcyrcl.mf;fonts/source/lh/specific;
+ilalb8.mf;fonts/source/lh/lh-t2a;
+ilali8.mf;fonts/source/lh/lh-t2a;
+lcob10.mf;fonts/source/lh/lh-t2c;
+ilalo8.mf;fonts/source/lh/lh-t2a;
+labbx10.mf;fonts/source/lh/lh-t2a;
+fnttstcm.tex;source/fonts/lh/tex;
+lbbbx10.mf;fonts/source/lh/lh-t2b;
+ldbmr8.mf;fonts/source/lh/lh-t2d;
+labmo10.mf;fonts/source/lh/lh-t2a;
+labmo8.mf;fonts/source/lh/lh-t2a;
+rxosl5.mf;fonts/source/lh/lh-x2;
+labmo9.mf;fonts/source/lh/lh-t2a;
+labmr10.mf;fonts/source/lh/lh-t2a;
+lcobx5.mf;fonts/source/lh/lh-t2c;
+lbobx7.mf;fonts/source/lh/lh-t2b;
+labmr8.mf;fonts/source/lh/lh-t2a;
+labso10.mf;fonts/source/lh/lh-t2a;
+labso8.mf;fonts/source/lh/lh-t2a;
+91berest.tex;source/fonts/lh/tex;
+labso9.mf;fonts/source/lh/lh-t2a;
+rxorm10.mf;fonts/source/lh/lh-x2;
+lbobx9.mf;fonts/source/lh/lh-t2b;
+labsr10.mf;fonts/source/lh/lh-t2a;
+labsr17.mf;fonts/source/lh/lh-t2a;
+labsr8.mf;fonts/source/lh/lh-t2a;
+labsr9.mf;fonts/source/lh/lh-t2a;
+lboslc9.mf;fonts/source/lh/lh-t2b;
+labtl10.mf;fonts/source/lh/lh-t2a;
+ldbmr10.mf;fonts/source/lh/lh-t2d;
+rxocc10.mf;fonts/source/lh/lh-x2;
+lacodes.mf;fonts/source/lh/lh-t2a;
+30cm-lx.tex;source/fonts/lh/tex;
+lalb8.mf;fonts/source/lh/lh-t2a;
+laliker.mf;fonts/source/lh/lh-t2a;
+lalo8.mf;fonts/source/lh/lh-t2a;
+laoti10.mf;fonts/source/lh/lh-t2a;
+lalq8.mf;fonts/source/lh/lh-t2a;
+ildltt8.mf;fonts/source/lh/lh-t2d;
+laobx10.mf;fonts/source/lh/lh-t2a;
+lcbmr10.mf;fonts/source/lh/lh-t2c;
+laobx5.mf;fonts/source/lh/lh-t2a;
+cfstdedt.tex;source/fonts/lh/tex;
+laobx6.mf;fonts/source/lh/lh-t2a;
+fntmincm.tex;source/fonts/lh/tex;
+laobx7.mf;fonts/source/lh/lh-t2a;
+laorm7.mf;fonts/source/lh/lh-t2a;
+fntconcm.tex;source/fonts/lh/tex;
+laorm8.mf;fonts/source/lh/lh-t2a;
+ilblb8.mf;fonts/source/lh/lh-t2b;
+rxbmo9.mf;fonts/source/lh/lh-x2;
+laosl5.mf;fonts/source/lh/lh-t2a;
+lcobxti10.mf;fonts/source/lh/lh-t2c;
+laosl7.mf;fonts/source/lh/lh-t2a;
+00readme.txt;source/fonts/lh/tex;
+laosl9.mf;fonts/source/lh/lh-t2a;
+laoslc9.mf;fonts/source/lh/lh-t2a;
+lborm6.mf;fonts/source/lh/lh-t2b;
+laqi8.mf;fonts/source/lh/lh-t2a;
+lcbto10.mf;fonts/source/lh/lh-t2c;
+ilblo8.mf;fonts/source/lh/lh-t2b;
+ilblq8.mf;fonts/source/lh/lh-t2b;
+ldocc10.mf;fonts/source/lh/lh-t2d;
+ldliker.mf;fonts/source/lh/lh-t2d;
+rxorm5.mf;fonts/source/lh/lh-x2;
+ilbltt8.mf;fonts/source/lh/lh-t2b;
+lbbmo10.mf;fonts/source/lh/lh-t2b;
+lbobx8.mf;fonts/source/lh/lh-t2b;
+lbbmo17.mf;fonts/source/lh/lh-t2b;
+rxbto10.mf;fonts/source/lh/lh-x2;
+lh-lcyccr.sty;tex/latex/lh;
+lbbmo8.mf;fonts/source/lh/lh-t2b;
+lcosl6.mf;fonts/source/lh/lh-t2c;
+lbbmo9.mf;fonts/source/lh/lh-t2b;
+lcosl7.mf;fonts/source/lh/lh-t2c;
+ldobxti10.mf;fonts/source/lh/lh-t2d;
+lbbmr17.mf;fonts/source/lh/lh-t2b;
+irxlo8.mf;fonts/source/lh/lh-x2;
+lbbmr9.mf;fonts/source/lh/lh-t2b;
+lbbso17.mf;fonts/source/lh/lh-t2b;
+lbbso9.mf;fonts/source/lh/lh-t2b;
+lbbsr10.mf;fonts/source/lh/lh-t2b;
+lbbsr17.mf;fonts/source/lh/lh-t2b;
+lclq8.mf;fonts/source/lh/lh-t2c;
+ildlo8.mf;fonts/source/lh/lh-t2d;
+lbbsr9.mf;fonts/source/lh/lh-t2b;
+lbbto10.mf;fonts/source/lh/lh-t2b;
+ildli8.mf;fonts/source/lh/lh-t2d;
+lcssdc10.mf;fonts/source/lh/lh-t2c;
+lbcodes.mf;fonts/source/lh/lh-t2b;
+lblb8.mf;fonts/source/lh/lh-t2b;
+ldbso8.mf;fonts/source/lh/lh-t2d;
+lbli8.mf;fonts/source/lh/lh-t2b;
+lblq8.mf;fonts/source/lh/lh-t2b;
+ldbmr9.mf;fonts/source/lh/lh-t2d;
+lbltt8.mf;fonts/source/lh/lh-t2b;
+rsobxsl10.mf;fonts/source/lh/lh-XSlav;
+lcobx9.mf;fonts/source/lh/lh-t2c;
+lbob10.mf;fonts/source/lh/lh-t2b;
+lbobx10.mf;fonts/source/lh/lh-t2b;
+lbobxsl10.mf;fonts/source/lh/lh-t2b;
+lcobx8.mf;fonts/source/lh/lh-t2c;
+lbocc10.mf;fonts/source/lh/lh-t2b;
+lborm10.mf;fonts/source/lh/lh-t2b;
+lborm5.mf;fonts/source/lh/lh-t2b;
+lborm7.mf;fonts/source/lh/lh-t2b;
+lborm8.mf;fonts/source/lh/lh-t2b;
+lbosl5.mf;fonts/source/lh/lh-t2b;
+lclo8.mf;fonts/source/lh/lh-t2c;
+rxbtl10.mf;fonts/source/lh/lh-x2;
+lbosl7.mf;fonts/source/lh/lh-t2b;
+46cm-ly.tex;source/fonts/lh/tex;
+lbosl8.mf;fonts/source/lh/lh-t2b;
+lbqi8.mf;fonts/source/lh/lh-t2b;
+lbsq8.mf;fonts/source/lh/lh-t2b;
+lbssdc10.mf;fonts/source/lh/lh-t2b;
+ilclb8.mf;fonts/source/lh/lh-t2c;
+lcltt8.mf;fonts/source/lh/lh-t2c;
+ilclo8.mf;fonts/source/lh/lh-t2c;
+ilclq8.mf;fonts/source/lh/lh-t2c;
+rsob10.mf;fonts/source/lh/lh-XSlav;
+lcobx6.mf;fonts/source/lh/lh-t2c;
+ilcltt8.mf;fonts/source/lh/lh-t2c;
+lcbbx10.mf;fonts/source/lh/lh-t2c;
+lcbmo17.mf;fonts/source/lh/lh-t2c;
+lcbmo9.mf;fonts/source/lh/lh-t2c;
+lcbmr17.mf;fonts/source/lh/lh-t2c;
+lh-t2bccr.sty;tex/latex/lh;
+lcbmr9.mf;fonts/source/lh/lh-t2c;
+lcbso10.mf;fonts/source/lh/lh-t2c;
+ldosl9.mf;fonts/source/lh/lh-t2d;
+lcli8.mf;fonts/source/lh/lh-t2c;
+rsbegin.mf;fonts/source/lh/lh-XSlav;
+lcbso17.mf;fonts/source/lh/lh-t2c;
+rsbso8.mf;fonts/source/lh/lh-XSlav;
+lcbso9.mf;fonts/source/lh/lh-t2c;
+92cm-xx.tex;source/fonts/lh/tex;
+lcbsr10.mf;fonts/source/lh/lh-t2c;
+lcbsr17.mf;fonts/source/lh/lh-t2c;
+11ex-rs.tex;source/fonts/lh/tex;
+rslb8.mf;fonts/source/lh/lh-XSlav;
+lcbsr8.mf;fonts/source/lh/lh-t2c;
+lcbtl10.mf;fonts/source/lh/lh-t2c;
+lclb8.mf;fonts/source/lh/lh-t2c;
+lcliker.mf;fonts/source/lh/lh-t2c;
+ldli8.mf;fonts/source/lh/lh-t2d;
+lcocc10.mf;fonts/source/lh/lh-t2c;
+lcorm10.mf;fonts/source/lh/lh-t2c;
+lcorm5.mf;fonts/source/lh/lh-t2c;
+25cm-uc.tex;source/fonts/lh/tex;
+lcorm6.mf;fonts/source/lh/lh-t2c;
+lcorm9.mf;fonts/source/lh/lh-t2c;
+lcosl10.mf;fonts/source/lh/lh-t2c;
+lgt2slxi.mf;fonts/source/lh/nont2;
+lcosl5.mf;fonts/source/lh/lh-t2c;
+lcosl8.mf;fonts/source/lh/lh-t2c;
+lcosl9.mf;fonts/source/lh/lh-t2c;
+lcoti10.mf;fonts/source/lh/lh-t2c;
+ildlq8.mf;fonts/source/lh/lh-t2d;
+ldbbx10.mf;fonts/source/lh/lh-t2d;
+ldbmo17.mf;fonts/source/lh/lh-t2d;
+rxobx7.mf;fonts/source/lh/lh-x2;
+ldbmo8.mf;fonts/source/lh/lh-t2d;
+rxobx6.mf;fonts/source/lh/lh-x2;
+lh-ot2ccr.sty;tex/latex/lh;
+ldbmo9.mf;fonts/source/lh/lh-t2d;
+cfhead.tex;source/fonts/lh/tex;
+ldbso10.mf;fonts/source/lh/lh-t2d;
+ldbso17.mf;fonts/source/lh/lh-t2d;
+ldbso9.mf;fonts/source/lh/lh-t2d;
+ldbsr9.mf;fonts/source/lh/lh-t2d;
+ldcodes.mf;fonts/source/lh/lh-t2d;
+ldlb8.mf;fonts/source/lh/lh-t2d;
+ldltt8.mf;fonts/source/lh/lh-t2d;
+ldob10.mf;fonts/source/lh/lh-t2d;
+lgt2slxl.mf;fonts/source/lh/nont2;
+ldobx10.mf;fonts/source/lh/lh-t2d;
+rxqi8.mf;fonts/source/lh/lh-x2;
+ldobx5.mf;fonts/source/lh/lh-t2d;
+rxltt8.mf;fonts/source/lh/lh-x2;
+ldobx6.mf;fonts/source/lh/lh-t2d;
+ldobx8.mf;fonts/source/lh/lh-t2d;
+fntallcm.tex;source/fonts/lh/tex;
+ldobxsl10.mf;fonts/source/lh/lh-t2d;
+ldorm10.mf;fonts/source/lh/lh-t2d;
+00readme;source/fonts/lh/tex/wrk/lh-x2;
+ldorm6.mf;fonts/source/lh/lh-t2d;
+ldorm7.mf;fonts/source/lh/lh-t2d;
+ldorm9.mf;fonts/source/lh/lh-t2d;
+ldosl10.mf;fonts/source/lh/lh-t2d;
+ldosl6.mf;fonts/source/lh/lh-t2d;
+ldosl8.mf;fonts/source/lh/lh-t2d;
+ldssdc10.mf;fonts/source/lh/lh-t2d;
+irxlb8.mf;fonts/source/lh/lh-x2;
+irxltt8.mf;fonts/source/lh/lh-x2;
+rxbmo10.mf;fonts/source/lh/lh-x2;
+rslo8.mf;fonts/source/lh/lh-XSlav;
+rxbmo17.mf;fonts/source/lh/lh-x2;
+33cm-mx.tex;source/fonts/lh/tex;
+rxbmr10.mf;fonts/source/lh/lh-x2;
+rxobx5.mf;fonts/source/lh/lh-x2;
+rxbmr8.mf;fonts/source/lh/lh-x2;
+rxbmr9.mf;fonts/source/lh/lh-x2;
+rxbso10.mf;fonts/source/lh/lh-x2;
+rxbso17.mf;fonts/source/lh/lh-x2;
+rxbsr17.mf;fonts/source/lh/lh-x2;
+rxobx9.mf;fonts/source/lh/lh-x2;
+rsobxti10.mf;fonts/source/lh/lh-XSlav;
+rxbsr9.mf;fonts/source/lh/lh-x2;
+fntbercm.tex;source/fonts/lh/tex;
+rxlq8.mf;fonts/source/lh/lh-x2;
+rxobxsl10.mf;fonts/source/lh/lh-x2;
+rxorm8.mf;fonts/source/lh/lh-x2;
+rxorm9.mf;fonts/source/lh/lh-x2;
+rxosl6.mf;fonts/source/lh/lh-x2;
+rxosl7.mf;fonts/source/lh/lh-x2;
+rxosl9.mf;fonts/source/lh/lh-x2;
+rxoslc9.mf;fonts/source/lh/lh-x2;
+rxoti10.mf;fonts/source/lh/lh-x2;
+rxsq8.mf;fonts/source/lh/lh-x2;
+irslb8.mf;fonts/source/lh/lh-XSlav;
+irsli8.mf;fonts/source/lh/lh-XSlav;
+irslo8.mf;fonts/source/lh/lh-XSlav;
+irsltt8.mf;fonts/source/lh/lh-XSlav;
+rsbmo10.mf;fonts/source/lh/lh-XSlav;
+00readme;source/fonts/lh/tex/wrk/lh-t2a;
+rsbmo17.mf;fonts/source/lh/lh-XSlav;
+rsbmo9.mf;fonts/source/lh/lh-XSlav;
+rliker.tex;source/fonts/lh/tex;
+rsbmr10.mf;fonts/source/lh/lh-XSlav;
+rsbmr17.mf;fonts/source/lh/lh-XSlav;
+rsbmr8.mf;fonts/source/lh/lh-XSlav;
+rsbso17.mf;fonts/source/lh/lh-XSlav;
+rsbsr10.mf;fonts/source/lh/lh-XSlav;
+nfssfox.ins;source/latex/lh;
+rsbsr17.mf;fonts/source/lh/lh-XSlav;
+rsbtl10.mf;fonts/source/lh/lh-XSlav;
+rscodes.mf;fonts/source/lh/lh-XSlav;
+rsliker.mf;fonts/source/lh/lh-XSlav;
+rsltt8.mf;fonts/source/lh/lh-XSlav;
+rsobx10.mf;fonts/source/lh/lh-XSlav;
+92check.tex;source/fonts/lh/tex;
+rsobx5.mf;fonts/source/lh/lh-XSlav;
+rsobx6.mf;fonts/source/lh/lh-XSlav;
+rsobx7.mf;fonts/source/lh/lh-XSlav;
+rsobx9.mf;fonts/source/lh/lh-XSlav;
+rsorm6.mf;fonts/source/lh/lh-XSlav;
+rsorm7.mf;fonts/source/lh/lh-XSlav;
+lgcmodl.mf;fonts/source/lh/nont2;
+rsosl5.mf;fonts/source/lh/lh-XSlav;
+rsosl7.mf;fonts/source/lh/lh-XSlav;
+rsosl8.mf;fonts/source/lh/lh-XSlav;
+rsosl9.mf;fonts/source/lh/lh-XSlav;
+rsoslc9.mf;fonts/source/lh/lh-XSlav;
+rsqi8.mf;fonts/source/lh/lh-XSlav;
+rssq8.mf;fonts/source/lh/lh-XSlav;
+rsssdc10.mf;fonts/source/lh/lh-XSlav;
+lgbersta.mf;fonts/source/lh/nont2;
+lgberstc.mf;fonts/source/lh/nont2;
+lgcacci.mf;fonts/source/lh/nont2;
+lgcaccl.mf;fonts/source/lh/nont2;
+lgcaccu.mf;fonts/source/lh/nont2;
+lgcmodi.mf;fonts/source/lh/nont2;
+lgcmodu.mf;fonts/source/lh/nont2;
+lgcvacl.mf;fonts/source/lh/nont2;
+lgt2slxu.mf;fonts/source/lh/nont2;
+lgunicl.mf;fonts/source/lh/nont2;
+lhberest.mf;fonts/source/lh/nont2;
+lgcrusl.mf;fonts/source/lh/specific;
+lgnoncl.mf;fonts/source/lh/specific;
+lgnoncu.mf;fonts/source/lh/specific;
+lgrucl.mf;fonts/source/lh/specific;
+dvidrv.mfj;source/fonts/lh;
+dvidrvlh.mfj;source/fonts/lh;
+03cm-wn.tex;source/fonts/lh/tex;
+24cm-kc.tex;source/fonts/lh/tex;
+04cm-vf.tex;source/fonts/lh/tex;
+12ex-la.tex;source/fonts/lh/tex;
+13ex-lb.tex;source/fonts/lh/tex;
+15ex-ld.tex;source/fonts/lh/tex;
+20cm-ct.tex;source/fonts/lh/tex;
+22cm-wc.tex;source/fonts/lh/tex;
+23cm-mc.tex;source/fonts/lh/tex;
+31cm-ix.tex;source/fonts/lh/tex;
+32cm-wx.tex;source/fonts/lh/tex;
+46cm-lz.tex;source/fonts/lh/tex;
+47ex-tx.tex;source/fonts/lh/tex;
+99-CMstd.tex;source/fonts/lh/tex;
+99-T2enc.tex;source/fonts/lh/tex;
+00readme.txt;source/latex/lh;
+99allenc.tex;source/fonts/lh/tex;
+99tstenc.tex;source/fonts/lh/tex;
+cod-edt.tex;source/fonts/lh/tex;
+fntaddec.tex;source/fonts/lh/tex;
+fntallec.tex;source/fonts/lh/tex;
+fntbasec.tex;source/fonts/lh/tex;
+fntberec.tex;source/fonts/lh/tex;
+fntbricm.tex;source/fonts/lh/tex;
+fntbriec.tex;source/fonts/lh/tex;
+fntconec.tex;source/fonts/lh/tex;
+fntinvcm.tex;source/fonts/lh/tex;
+fntinvec.tex;source/fonts/lh/tex;
+fntminec.tex;source/fonts/lh/tex;
+fnttstec.tex;source/fonts/lh/tex;
+likerdat.tex;source/fonts/lh/tex;
+likergrp.tex;source/fonts/lh/tex;
+likermac.tex;source/fonts/lh/tex;
+setter.tex;source/fonts/lh/tex;
+00readme;source/fonts/lh/tex/wrk/lh-lcy;
+00readme;source/fonts/lh/tex/wrk/lh-ot2;
+00readme;source/fonts/lh/tex/wrk/lh-t2c;
+00readme;source/fonts/lh/tex/wrk/lh-XSlav;
+lcyfonts.fdd;source/latex/lh;
+lcyfonts.ins;source/latex/lh;
+nfssfox.dtx;source/latex/lh;
+ot2fonts.fdd;source/latex/lh;
+ot2fonts.ins;source/latex/lh;
+t2ccfonts.fdd;source/latex/lh;
+t2ccfonts.ins;source/latex/lh;
+lh-lcy.sty;tex/latex/lh;
+lh-lcyxccr.sty;tex/latex/lh;
+lh-ot2xccr.sty;tex/latex/lh;
+lh-t2cccr.sty;tex/latex/lh;
+lh-t2cxccr.sty;tex/latex/lh;
+lh-x2ccr.sty;tex/latex/lh;
+lh-x2xccr.sty;tex/latex/lh;
+testfox.tex;tex/plain/lh;
+lh.tpm;tpm/packages;
+README.md;doc/latex/babel-russian;
+russianb.pdf;doc/latex/babel-russian;
+babel-russian-src.tar.xz;source;
+russianb.ldf;tex/latex/babel-russian;
+babel-russian.tpm;tpm/packages;
+changes.txt;doc/latex/geometry;
+geometry-de.pdf;doc/latex/geometry;
+geometry.pdf;doc/latex/geometry;
+README.md;doc/latex/geometry;
+geometry-src.tar.xz;source;
+geometry.cfg;tex/latex/geometry;
+geometry.sty;tex/latex/geometry;
+geometry.tpm;tpm/packages;
+multirow.tpm;tpm/packages;
+bigstrut.sty;tex/latex/multirow;
+bigdelim.sty;tex/latex/multirow;
+multirow.sty;tex/latex/multirow;
+changes.txt;doc/latex/psnfss;
+omsptm.fd;tex/latex/psnfss;
+manifest.txt;doc/latex/psnfss;
+ts1pplj.fd;tex/latex/psnfss;
+mathtest.tex;doc/latex/psnfss;
+pitest.tex;doc/latex/psnfss;
+upzd.fd;tex/latex/psnfss;
+psnfss2e.pdf;doc/latex/psnfss;
+README;doc/latex/psnfss;
+test0.tex;doc/latex/psnfss;
+test1.tex;doc/latex/psnfss;
+test2.tex;doc/latex/psnfss;
+test3.tex;doc/latex/psnfss;
+charter.map;fonts/map/dvips/psnfss;
+fpls.map;fonts/map/dvips/psnfss;
+pazo.map;fonts/map/dvips/psnfss;
+psnfss.map;fonts/map/dvips/psnfss;
+utopia.map;fonts/map/dvips/psnfss;
+8r.enc;source/psnfss;
+psfonts.dtx;source/psnfss;
+psfonts.ins;source/psnfss;
+psnfss2e.tex;source/psnfss;
+omsppl.fd;tex/latex/psnfss;
+8rbch.fd;tex/latex/psnfss;
+8rpag.fd;tex/latex/psnfss;
+8rpbk.fd;tex/latex/psnfss;
+8rpcr.fd;tex/latex/psnfss;
+8rphv.fd;tex/latex/psnfss;
+8rpnc.fd;tex/latex/psnfss;
+8rppl.fd;tex/latex/psnfss;
+8rptm.fd;tex/latex/psnfss;
+ot1ztmcm.fd;tex/latex/psnfss;
+8rput.fd;tex/latex/psnfss;
+omxzpple.fd;tex/latex/psnfss;
+8rpzc.fd;tex/latex/psnfss;
+avant.sty;tex/latex/psnfss;
+bookman.sty;tex/latex/psnfss;
+chancery.sty;tex/latex/psnfss;
+ot1pbk.fd;tex/latex/psnfss;
+charter.sty;tex/latex/psnfss;
+courier.sty;tex/latex/psnfss;
+helvet.sty;tex/latex/psnfss;
+mathpazo.sty;tex/latex/psnfss;
+mathpple.sty;tex/latex/psnfss;
+mathptm.sty;tex/latex/psnfss;
+mathptmx.sty;tex/latex/psnfss;
+newcent.sty;tex/latex/psnfss;
+omlbch.fd;tex/latex/psnfss;
+omlpag.fd;tex/latex/psnfss;
+omlpbk.fd;tex/latex/psnfss;
+omlpcr.fd;tex/latex/psnfss;
+omlphv.fd;tex/latex/psnfss;
+omlpnc.fd;tex/latex/psnfss;
+omlppl.fd;tex/latex/psnfss;
+omlptm.fd;tex/latex/psnfss;
+omlptmcm.fd;tex/latex/psnfss;
+omlput.fd;tex/latex/psnfss;
+omlpzc.fd;tex/latex/psnfss;
+omlzplm.fd;tex/latex/psnfss;
+omlzpple.fd;tex/latex/psnfss;
+omlztmcm.fd;tex/latex/psnfss;
+omsbch.fd;tex/latex/psnfss;
+omspag.fd;tex/latex/psnfss;
+omspbk.fd;tex/latex/psnfss;
+ot1ppl.fd;tex/latex/psnfss;
+omspcr.fd;tex/latex/psnfss;
+omsphv.fd;tex/latex/psnfss;
+t1put.fd;tex/latex/psnfss;
+omspnc.fd;tex/latex/psnfss;
+omsput.fd;tex/latex/psnfss;
+omspzc.fd;tex/latex/psnfss;
+omspzccm.fd;tex/latex/psnfss;
+omszplm.fd;tex/latex/psnfss;
+omszpple.fd;tex/latex/psnfss;
+omsztmcm.fd;tex/latex/psnfss;
+omxpsycm.fd;tex/latex/psnfss;
+omxzplm.fd;tex/latex/psnfss;
+omxztmcm.fd;tex/latex/psnfss;
+ot1bch.fd;tex/latex/psnfss;
+ot1pag.fd;tex/latex/psnfss;
+ot1pcr.fd;tex/latex/psnfss;
+ot1phv.fd;tex/latex/psnfss;
+ot1pnc.fd;tex/latex/psnfss;
+ot1pplj.fd;tex/latex/psnfss;
+t1pzc.fd;tex/latex/psnfss;
+ot1pplx.fd;tex/latex/psnfss;
+ot1ptm.fd;tex/latex/psnfss;
+ot1ptmcm.fd;tex/latex/psnfss;
+ot1put.fd;tex/latex/psnfss;
+ot1pzc.fd;tex/latex/psnfss;
+ts1ptm.fd;tex/latex/psnfss;
+ot1zplm.fd;tex/latex/psnfss;
+ot1zpple.fd;tex/latex/psnfss;
+palatino.sty;tex/latex/psnfss;
+ufplmbb.fd;tex/latex/psnfss;
+pifont.sty;tex/latex/psnfss;
+t1bch.fd;tex/latex/psnfss;
+t1pag.fd;tex/latex/psnfss;
+t1pbk.fd;tex/latex/psnfss;
+t1pcr.fd;tex/latex/psnfss;
+t1phv.fd;tex/latex/psnfss;
+t1pnc.fd;tex/latex/psnfss;
+t1ppl.fd;tex/latex/psnfss;
+t1pplj.fd;tex/latex/psnfss;
+t1pplx.fd;tex/latex/psnfss;
+t1ptm.fd;tex/latex/psnfss;
+times.sty;tex/latex/psnfss;
+ts1bch.fd;tex/latex/psnfss;
+ts1pag.fd;tex/latex/psnfss;
+ts1pbk.fd;tex/latex/psnfss;
+ts1pcr.fd;tex/latex/psnfss;
+ts1phv.fd;tex/latex/psnfss;
+ts1pnc.fd;tex/latex/psnfss;
+ts1ppl.fd;tex/latex/psnfss;
+ts1pplx.fd;tex/latex/psnfss;
+ts1put.fd;tex/latex/psnfss;
+ts1pzc.fd;tex/latex/psnfss;
+ufplm.fd;tex/latex/psnfss;
+upsy.fd;tex/latex/psnfss;
+utopia.sty;tex/latex/psnfss;
+psnfss.tpm;tpm/packages;
